<?xml version="1.0" encoding="UTF-8"?>
<testng-results ignored="0" total="2" passed="2" failed="0" skipped="0">
  <reporter-output>
  </reporter-output>
  <suite started-at="2023-09-25T17:24:13 IST" name="Default suite" finished-at="2023-09-25T17:24:22 IST" duration-ms="8140">
    <groups>
    </groups>
    <test started-at="2023-09-25T17:24:13 IST" name="Default test" finished-at="2023-09-25T17:24:22 IST" duration-ms="8140">
      <class name="Practise_Assertion.Assertions">
        <test-method signature="Facebook()[pri:0, instance:Practise_Assertion.Assertions@25be7b63]" started-at="2023-09-25T17:24:14 IST" name="Facebook" finished-at="2023-09-25T17:24:21 IST" duration-ms="7401" status="PASS">
          <reporter-output>
          </reporter-output>
        </test-method> <!-- Facebook -->
        <test-method signature="closingPurpose()[pri:0, instance:Practise_Assertion.Assertions@25be7b63]" started-at="2023-09-25T17:24:21 IST" name="closingPurpose" finished-at="2023-09-25T17:24:22 IST" duration-ms="567" status="PASS">
          <reporter-output>
          </reporter-output>
        </test-method> <!-- closingPurpose -->
      </class> <!-- Practise_Assertion.Assertions -->
    </test> <!-- Default test -->
  </suite> <!-- Default suite -->
</testng-results>
