<?xml version="1.0" encoding="UTF-8"?>
<!-- Generated by org.testng.reporters.JUnitXMLReporter -->
<testsuite ignored="2" hostname="DESKTOP-MOITEO3" failures="0" tests="2" name="Test" time="0.118" errors="0" timestamp="2023-09-23T12:14:20 IST">
  <testcase classname="TestNG_Group.Group2" name="java" time="0.014"/>
  <testcase classname="TestNG_Group.Group1" name="Hello" time="0.002"/>
  <testcase classname="TestNG_Group.Group1" name="Hi" time="0.0">
    <ignored/>
  </testcase> <!-- Hi -->
  <testcase classname="TestNG_Group.Group2" name="c" time="0.0">
    <ignored/>
  </testcase> <!-- c -->
</testsuite> <!-- Test -->
